# JRE version: Java(TM) SE Runtime Environment (8.0_102-b14) (build 1.8.0_102-b14)
# Java VM: Java HotSpot(TM) 64-Bit Server VM (25.102-b14 mixed mode windows-amd64 compressed oops)
Heap:
 PSYoungGen      total 138240K, used 26658K [0x0000000780000000, 0x0000000792d80000, 0x00000007c0000000)
  eden space 133120K, 20% used [0x0000000780000000,0x0000000781a08b38,0x0000000788200000)
  from space 5120K, 0% used [0x0000000788200000,0x0000000788200000,0x0000000788700000)
  to   space 73216K, 0% used [0x000000078e600000,0x000000078e600000,0x0000000792d80000)
 ParOldGen       total 302080K, used 132684K [0x0000000700000000, 0x0000000712700000, 0x0000000780000000)
  object space 302080K, 43% used [0x0000000700000000,0x0000000708193138,0x0000000712700000)
 Metaspace       used 4807K, capacity 4998K, committed 5248K, reserved 1056768K
  class space    used 519K, capacity 577K, committed 640K, reserved 1048576K
GC Heap History (10 events):
Event: 3.706 GC heap before
{Heap before GC invocations=3 (full 0):
 PSYoungGen      total 71680K, used 71564K [0x0000000780000000, 0x0000000784b00000, 0x00000007c0000000)
  eden space 66560K, 99% used [0x0000000780000000,0x00000007840e32b0,0x0000000784100000)
  from space 5120K, 100% used [0x0000000784600000,0x0000000784b00000,0x0000000784b00000)
  to   space 5120K, 0% used [0x0000000784100000,0x0000000784100000,0x0000000784600000)
 ParOldGen       total 87552K, used 3408K [0x0000000700000000, 0x0000000705580000, 0x0000000780000000)
  object space 87552K, 3% used [0x0000000700000000,0x0000000700354000,0x0000000705580000)
 Metaspace       used 4724K, capacity 4928K, committed 4992K, reserved 1056768K
  class space    used 508K, capacity 576K, committed 640K, reserved 1048576K
Event: 3.745 GC heap after
Heap after GC invocations=3 (full 0):
 PSYoungGen      total 71680K, used 5112K [0x0000000780000000, 0x0000000788c00000, 0x00000007c0000000)
  eden space 66560K, 0% used [0x0000000780000000,0x0000000780000000,0x0000000784100000)
  from space 5120K, 99% used [0x0000000784100000,0x00000007845fe080,0x0000000784600000)
  to   space 5120K, 0% used [0x0000000788700000,0x0000000788700000,0x0000000788c00000)
 ParOldGen       total 87552K, used 35120K [0x0000000700000000, 0x0000000705580000, 0x0000000780000000)
  object space 87552K, 40% used [0x0000000700000000,0x000000070224c040,0x0000000705580000)
 Metaspace       used 4724K, capacity 4928K, committed 4992K, reserved 1056768K
  class space    used 508K, capacity 576K, committed 640K, reserved 1048576K
}
Event: 7.027 GC heap before
{Heap before GC invocations=4 (full 0):
 PSYoungGen      total 71680K, used 71672K [0x0000000780000000, 0x0000000788c00000, 0x00000007c0000000)
  eden space 66560K, 100% used [0x0000000780000000,0x0000000784100000,0x0000000784100000)
  from space 5120K, 99% used [0x0000000784100000,0x00000007845fe080,0x0000000784600000)
  to   space 5120K, 0% used [0x0000000788700000,0x0000000788700000,0x0000000788c00000)
 ParOldGen       total 87552K, used 35120K [0x0000000700000000, 0x0000000705580000, 0x0000000780000000)
  object space 87552K, 40% used [0x0000000700000000,0x000000070224c040,0x0000000705580000)
 Metaspace       used 4731K, capacity 4928K, committed 4992K, reserved 1056768K
  class space    used 508K, capacity 576K, committed 640K, reserved 1048576K
Event: 7.065 GC heap after
Heap after GC invocations=4 (full 0):
 PSYoungGen      total 138240K, used 5088K [0x0000000780000000, 0x0000000788c00000, 0x00000007c0000000)
  eden space 133120K, 0% used [0x0000000780000000,0x0000000780000000,0x0000000788200000)
  from space 5120K, 99% used [0x0000000788700000,0x0000000788bf8040,0x0000000788c00000)
  to   space 5120K, 0% used [0x0000000788200000,0x0000000788200000,0x0000000788700000)
 ParOldGen       total 87552K, used 68032K [0x0000000700000000, 0x0000000705580000, 0x0000000780000000)
  object space 87552K, 77% used [0x0000000700000000,0x00000007042700c0,0x0000000705580000)
 Metaspace       used 4731K, capacity 4928K, committed 4992K, reserved 1056768K
  class space    used 508K, capacity 576K, committed 640K, reserved 1048576K
}
Event: 7.065 GC heap before
{Heap before GC invocations=5 (full 1):
 PSYoungGen      total 138240K, used 5088K [0x0000000780000000, 0x0000000788c00000, 0x00000007c0000000)
  eden space 133120K, 0% used [0x0000000780000000,0x0000000780000000,0x0000000788200000)
  from space 5120K, 99% used [0x0000000788700000,0x0000000788bf8040,0x0000000788c00000)
  to   space 5120K, 0% used [0x0000000788200000,0x0000000788200000,0x0000000788700000)
 ParOldGen       total 87552K, used 68032K [0x0000000700000000, 0x0000000705580000, 0x0000000780000000)
  object space 87552K, 77% used [0x0000000700000000,0x00000007042700c0,0x0000000705580000)
 Metaspace       used 4731K, capacity 4928K, committed 4992K, reserved 1056768K
  class space    used 508K, capacity 576K, committed 640K, reserved 1048576K
Event: 8.036 GC heap after
Heap after GC invocations=5 (full 1):
 PSYoungGen      total 138240K, used 0K [0x0000000780000000, 0x0000000788c00000, 0x00000007c0000000)
  eden space 133120K, 0% used [0x0000000780000000,0x0000000780000000,0x0000000788200000)
  from space 5120K, 0% used [0x0000000788700000,0x0000000788700000,0x0000000788c00000)
  to   space 5120K, 0% used [0x0000000788200000,0x0000000788200000,0x0000000788700000)
 ParOldGen       total 176640K, used 72723K [0x0000000700000000, 0x000000070ac80000, 0x0000000780000000)
  object space 176640K, 41% used [0x0000000700000000,0x0000000704704fe8,0x000000070ac80000)
 Metaspace       used 4731K, capacity 4928K, committed 4992K, reserved 1056768K
  class space    used 508K, capacity 576K, committed 640K, reserved 1048576K
}
Event: 14.369 GC heap before
{Heap before GC invocations=6 (full 1):
 PSYoungGen      total 138240K, used 133120K [0x0000000780000000, 0x0000000788c00000, 0x00000007c0000000)
  eden space 133120K, 100% used [0x0000000780000000,0x0000000788200000,0x0000000788200000)
  from space 5120K, 0% used [0x0000000788700000,0x0000000788700000,0x0000000788c00000)
  to   space 5120K, 0% used [0x0000000788200000,0x0000000788200000,0x0000000788700000)
 ParOldGen       total 176640K, used 72723K [0x0000000700000000, 0x000000070ac80000, 0x0000000780000000)
  object space 176640K, 41% used [0x0000000700000000,0x0000000704704fe8,0x000000070ac80000)
 Metaspace       used 4737K, capacity 4934K, committed 5248K, reserved 1056768K
  class space    used 509K, capacity 577K, committed 640K, reserved 1048576K
Event: 14.442 GC heap after
Heap after GC invocations=6 (full 1):
 PSYoungGen      total 138240K, used 5112K [0x0000000780000000, 0x0000000792d80000, 0x00000007c0000000)
  eden space 133120K, 0% used [0x0000000780000000,0x0000000780000000,0x0000000788200000)
  from space 5120K, 99% used [0x0000000788200000,0x00000007886fe060,0x0000000788700000)
  to   space 73216K, 0% used [0x000000078e600000,0x000000078e600000,0x0000000792d80000)
 ParOldGen       total 176640K, used 130980K [0x0000000700000000, 0x000000070ac80000, 0x0000000780000000)
  object space 176640K, 74% used [0x0000000700000000,0x0000000707fe90a8,0x000000070ac80000)
 Metaspace       used 4737K, capacity 4934K, committed 5248K, reserved 1056768K
  class space    used 509K, capacity 577K, committed 640K, reserved 1048576K
}
Event: 14.442 GC heap before
{Heap before GC invocations=7 (full 2):
 PSYoungGen      total 138240K, used 5112K [0x0000000780000000, 0x0000000792d80000, 0x00000007c0000000)
  eden space 133120K, 0% used [0x0000000780000000,0x0000000780000000,0x0000000788200000)
  from space 5120K, 99% used [0x0000000788200000,0x00000007886fe060,0x0000000788700000)
  to   space 73216K, 0% used [0x000000078e600000,0x000000078e600000,0x0000000792d80000)
 ParOldGen       total 176640K, used 130980K [0x0000000700000000, 0x000000070ac80000, 0x0000000780000000)
  object space 176640K, 74% used [0x0000000700000000,0x0000000707fe90a8,0x000000070ac80000)
 Metaspace       used 4737K, capacity 4934K, committed 5248K, reserved 1056768K
  class space    used 509K, capacity 577K, committed 640K, reserved 1048576K
Event: 14.851 GC heap after
Heap after GC invocations=7 (full 2):
 PSYoungGen      total 138240K, used 0K [0x0000000780000000, 0x0000000792d80000, 0x00000007c0000000)
  eden space 133120K, 0% used [0x0000000780000000,0x0000000780000000,0x0000000788200000)
  from space 5120K, 0% used [0x0000000788200000,0x0000000788200000,0x0000000788700000)
  to   space 73216K, 0% used [0x000000078e600000,0x000000078e600000,0x0000000792d80000)
 ParOldGen       total 302080K, used 132684K [0x0000000700000000, 0x0000000712700000, 0x0000000780000000)
  object space 302080K, 43% used [0x0000000700000000,0x0000000708193138,0x0000000712700000)
 Metaspace       used 4737K, capacity 4934K, committed 5248K, reserved 1056768K
  class space    used 509K, capacity 577K, committed 640K, reserved 1048576K
}

